0 info it worked if it ends with ok
1 verbose cli [ '/usr/bin/node', '/usr/bin/npm', 'install', 'frontend' ]
2 info using npm@3.5.2
3 info using node@v8.10.0
4 silly loadCurrentTree Starting
5 silly install loadCurrentTree
6 silly install readLocalPackageData
7 silly fetchPackageMetaData frontend
8 silly fetchNamedPackageData frontend
9 silly mapToRegistry name frontend
10 silly mapToRegistry using default registry
11 silly mapToRegistry registry https://registry.npmjs.org/
12 silly mapToRegistry uri https://registry.npmjs.org/frontend
13 verbose request uri https://registry.npmjs.org/frontend
14 verbose request no auth needed
15 info attempt registry request try #1 at 11:10:41 AM
16 verbose request id b3425ff397eed409
17 http request GET https://registry.npmjs.org/frontend
18 http 200 https://registry.npmjs.org/frontend
19 verbose headers { date: 'Wed, 20 Jan 2021 05:40:43 GMT',
19 verbose headers   'content-type': 'application/json',
19 verbose headers   'transfer-encoding': 'chunked',
19 verbose headers   connection: 'keep-alive',
19 verbose headers   'set-cookie':
19 verbose headers    [ '__cfduid=d85c1c41dd69875b72c0934f79022e9931611121241; expires=Fri, 19-Feb-21 05:40:41 GMT; path=/; domain=.npmjs.org; HttpOnly; SameSite=Lax' ],
19 verbose headers   'cf-ray': '61467650be58c91c-HYD',
19 verbose headers   'cache-control': 'public, max-age=300',
19 verbose headers   etag: 'W/"5982fa4da476f5384237491a1e779f0a"',
19 verbose headers   'last-modified': 'Tue, 20 Oct 2020 08:51:58 GMT',
19 verbose headers   vary: 'accept-encoding, accept',
19 verbose headers   'cf-cache-status': 'MISS',
19 verbose headers   'cf-request-id': '07bfe8467b0000c91c30060000000001',
19 verbose headers   'expect-ct': 'max-age=604800, report-uri="https://report-uri.cloudflare.com/cdn-cgi/beacon/expect-ct"',
19 verbose headers   server: 'cloudflare',
19 verbose headers   'content-encoding': 'gzip' }
20 silly get cb [ 200,
20 silly get   { date: 'Wed, 20 Jan 2021 05:40:43 GMT',
20 silly get     'content-type': 'application/json',
20 silly get     'transfer-encoding': 'chunked',
20 silly get     connection: 'keep-alive',
20 silly get     'set-cookie':
20 silly get      [ '__cfduid=d85c1c41dd69875b72c0934f79022e9931611121241; expires=Fri, 19-Feb-21 05:40:41 GMT; path=/; domain=.npmjs.org; HttpOnly; SameSite=Lax' ],
20 silly get     'cf-ray': '61467650be58c91c-HYD',
20 silly get     'cache-control': 'public, max-age=300',
20 silly get     etag: 'W/"5982fa4da476f5384237491a1e779f0a"',
20 silly get     'last-modified': 'Tue, 20 Oct 2020 08:51:58 GMT',
20 silly get     vary: 'accept-encoding, accept',
20 silly get     'cf-cache-status': 'MISS',
20 silly get     'cf-request-id': '07bfe8467b0000c91c30060000000001',
20 silly get     'expect-ct': 'max-age=604800, report-uri="https://report-uri.cloudflare.com/cdn-cgi/beacon/expect-ct"',
20 silly get     server: 'cloudflare',
20 silly get     'content-encoding': 'gzip' } ]
21 verbose get saving frontend to /home/madhavi/.npm/registry.npmjs.org/frontend/.cache.json
22 silly install normalizeTree
23 silly loadCurrentTree Finishing
24 silly loadIdealTree Starting
25 silly install loadIdealTree
26 silly cloneCurrentTree Starting
27 silly install cloneCurrentTreeToIdealTree
28 silly cloneCurrentTree Finishing
29 silly loadShrinkwrap Starting
30 silly install loadShrinkwrap
31 silly loadShrinkwrap Finishing
32 silly loadAllDepsIntoIdealTree Starting
33 silly install loadAllDepsIntoIdealTree
34 silly rollbackFailedOptional Starting
35 silly rollbackFailedOptional Finishing
36 silly runTopLevelLifecycles Starting
37 silly runTopLevelLifecycles Finishing
38 silly install printInstalled
39 verbose stack Error: Refusing to install frontend as a dependency of itself
39 verbose stack     at checkSelf (/usr/share/npm/lib/install/validate-args.js:40:14)
39 verbose stack     at Array.<anonymous> (/usr/share/npm/node_modules/slide/lib/bind-actor.js:15:8)
39 verbose stack     at LOOP (/usr/share/npm/node_modules/slide/lib/chain.js:15:14)
39 verbose stack     at chain (/usr/share/npm/node_modules/slide/lib/chain.js:20:5)
39 verbose stack     at /usr/share/npm/lib/install/validate-args.js:15:5
39 verbose stack     at /usr/share/npm/node_modules/slide/lib/async-map.js:52:35
39 verbose stack     at Array.forEach (<anonymous>)
39 verbose stack     at /usr/share/npm/node_modules/slide/lib/async-map.js:52:11
39 verbose stack     at Array.forEach (<anonymous>)
39 verbose stack     at asyncMap (/usr/share/npm/node_modules/slide/lib/async-map.js:51:8)
40 verbose cwd /home/madhavi/keycloak/keycloak_react/KeyCloak-Docker-Compose/frontend
41 error Linux 5.4.0-62-generic
42 error argv "/usr/bin/node" "/usr/bin/npm" "install" "frontend"
43 error node v8.10.0
44 error npm  v3.5.2
45 error code ENOSELF
46 error Refusing to install frontend as a dependency of itself
47 error If you need help, you may report this error at:
47 error     <https://github.com/npm/npm/issues>
48 verbose exit [ 1, true ]
